<?xml version="1.0" encoding="UTF-8"?>
<!-- Generated by org.testng.reporters.JUnitReportReporter -->
<testsuite hostname="DESKTOP-VCORFTU" failures="0" tests="1" name="automation.TC_012_Screenshot" time="18.393" errors="0" timestamp="2025-08-29T10:40:46 IST" skipped="0">
  <testcase classname="automation.TC_012_Screenshot" name="screenshottest" time="18.393"/>
  <system-out/>
</testsuite> <!-- automation.TC_012_Screenshot -->
