<?xml version="1.0" encoding="UTF-8"?>
<!-- Generated by org.testng.reporters.JUnitReportReporter -->
<testsuite hostname="DESKTOP-VCORFTU" failures="0" tests="2" name="automation.TC_009_Testng" time="21.882" errors="0" timestamp="2025-08-26T10:50:33 IST" skipped="0">
  <testcase classname="automation.TC_009_Testng" name="f" time="12.780"/>
  <system-out/>
  <testcase classname="automation.TC_009_Testng" name="f" time="9.102"/>
  <system-out/>
</testsuite> <!-- automation.TC_009_Testng -->
