<?xml version="1.0" encoding="UTF-8"?>
<!-- Generated by org.testng.reporters.JUnitReportReporter -->
<testsuite hostname="DESKTOP-VCORFTU" failures="0" tests="1" name="automation.TC_009_Testng_pageobject" time="23.334" errors="0" timestamp="2025-08-28T10:55:36 IST" skipped="0">
  <testcase classname="automation.TC_009_Testng_pageobject" name="f" time="23.334"/>
  <system-out/>
</testsuite> <!-- automation.TC_009_Testng_pageobject -->
