<?xml version="1.0" encoding="UTF-8"?>
<!-- Generated by org.testng.reporters.JUnitReportReporter -->
<testsuite hostname="DESKTOP-VCORFTU" failures="0" tests="3" name="automation.Lab3Test" time="10.921" errors="0" timestamp="2025-08-26T14:28:32 IST" skipped="0">
  <testcase classname="automation.Lab3Test" name="lab3Test" time="3.156"/>
  <system-out/>
  <testcase classname="automation.Lab3Test" name="lab3Test" time="3.831"/>
  <system-out/>
  <testcase classname="automation.Lab3Test" name="lab3Test" time="3.934"/>
  <system-out/>
</testsuite> <!-- automation.Lab3Test -->
