<?xml version="1.0" encoding="UTF-8"?>
<!-- Generated by org.testng.reporters.JUnitReportReporter -->
<testsuite hostname="DESKTOP-VCORFTU" failures="0" tests="2" name="automation.Lab8" time="5.158" errors="0" timestamp="2025-08-26T12:39:26 IST" skipped="0">
  <testcase classname="automation.Lab8" name="lab3Test" time="3.097"/>
  <system-out/>
  <testcase classname="automation.Lab8" name="lab4Test" time="2.061"/>
  <system-out/>
</testsuite> <!-- automation.Lab8 -->
